<?xml version="1.0" encoding="UTF-8"?>
<testsuite name="TestDataClasses" tests="1" skipped="0" failures="0" errors="0" timestamp="2019-06-17T15:00:04" hostname="alex-ponomarev-kubuntu" time="0.013">
  <properties/>
  <testcase name="testListOfPeople" classname="TestDataClasses" time="0.013"/>
  <system-out><![CDATA[]]></system-out>
  <system-err><![CDATA[]]></system-err>
</testsuite>
