<?xml version="1.0" encoding="UTF-8"?>
<testsuite name="TestOperatorsOverloading" tests="3" skipped="0" failures="0" errors="0" timestamp="2019-06-17T19:56:04" hostname="alex-ponomarev-kubuntu" time="0.014">
  <properties/>
  <testcase name="testOneMonth" classname="TestOperatorsOverloading" time="0.013"/>
  <testcase name="testAddOneTimeInterval" classname="TestOperatorsOverloading" time="0.001"/>
  <testcase name="testMonthChange" classname="TestOperatorsOverloading" time="0.0"/>
  <system-out><![CDATA[]]></system-out>
  <system-err><![CDATA[]]></system-err>
</testsuite>
