<?xml version="1.0" encoding="UTF-8"?>
<testsuite name="TetLazyProperty" tests="2" skipped="0" failures="0" errors="0" timestamp="2019-06-18T15:33:29" hostname="alex-ponomarev-kubuntu" time="0.003">
  <properties/>
  <testcase name="testLazy" classname="TetLazyProperty" time="0.003"/>
  <testcase name="initializedOnce" classname="TetLazyProperty" time="0.0"/>
  <system-out><![CDATA[]]></system-out>
  <system-err><![CDATA[]]></system-err>
</testsuite>
