<?xml version="1.0" encoding="UTF-8"?>
<testsuite name="TestIntroduction" tests="1" skipped="0" failures="0" errors="0" timestamp="2019-06-17T20:19:03" hostname="alex-ponomarev-kubuntu" time="0.024">
  <properties/>
  <testcase name="testSetOfCustomers" classname="TestIntroduction" time="0.024"/>
  <system-out><![CDATA[]]></system-out>
  <system-err><![CDATA[]]></system-err>
</testsuite>
