<?xml version="1.0" encoding="UTF-8"?>
<testsuite name="TestExtensionsOnCollections" tests="1" skipped="0" failures="0" errors="0" timestamp="2019-06-17T15:28:37" hostname="alex-ponomarev-kubuntu" time="0.016">
  <properties/>
  <testcase name="testSort" classname="TestExtensionsOnCollections" time="0.016"/>
  <system-out><![CDATA[]]></system-out>
  <system-err><![CDATA[]]></system-err>
</testsuite>
