<?xml version="1.0" encoding="UTF-8"?>
<testsuite name="TestMultiAssignment" tests="1" skipped="0" failures="0" errors="0" timestamp="2019-06-17T20:03:16" hostname="alex-ponomarev-kubuntu" time="0.002">
  <properties/>
  <testcase name="testIsLeapDay" classname="TestMultiAssignment" time="0.002"/>
  <system-out><![CDATA[]]></system-out>
  <system-err><![CDATA[]]></system-err>
</testsuite>
