<?xml version="1.0" encoding="UTF-8"?>
<testsuite name="TestNamedArguments" tests="1" skipped="0" failures="0" errors="0" timestamp="2019-06-17T14:59:45" hostname="alex-ponomarev-kubuntu" time="0.018">
  <properties/>
  <testcase name="testJoinToString" classname="TestNamedArguments" time="0.018"/>
  <system-out><![CDATA[]]></system-out>
  <system-err><![CDATA[]]></system-err>
</testsuite>
