<?xml version="1.0" encoding="UTF-8"?>
<testsuite name="TestStringTemplates" tests="3" skipped="0" failures="0" errors="0" timestamp="2019-06-17T15:00:01" hostname="alex-ponomarev-kubuntu" time="0.004">
  <properties/>
  <testcase name="match1" classname="TestStringTemplates" time="0.004"/>
  <testcase name="match" classname="TestStringTemplates" time="0.0"/>
  <testcase name="doNotMatch" classname="TestStringTemplates" time="0.0"/>
  <system-out><![CDATA[]]></system-out>
  <system-err><![CDATA[]]></system-err>
</testsuite>
