<?xml version="1.0" encoding="UTF-8"?>
<testsuite name="TestSum" tests="1" skipped="0" failures="0" errors="0" timestamp="2019-06-17T20:53:37" hostname="alex-ponomarev-kubuntu" time="0.021">
  <properties/>
  <testcase name="testGetTotalOrderPrice" classname="TestSum" time="0.021"/>
  <system-out><![CDATA[]]></system-out>
  <system-err><![CDATA[]]></system-err>
</testsuite>
