<?xml version="1.0" encoding="UTF-8"?>
<testsuite name="TestObjectExpressions" tests="1" skipped="0" failures="0" errors="0" timestamp="2019-06-17T15:25:17" hostname="alex-ponomarev-kubuntu" time="0.012">
  <properties/>
  <testcase name="testSort" classname="TestObjectExpressions" time="0.012"/>
  <system-out><![CDATA[]]></system-out>
  <system-err><![CDATA[]]></system-err>
</testsuite>
