<?xml version="1.0" encoding="UTF-8"?>
<testsuite name="TestLambdas" tests="2" skipped="0" failures="0" errors="0" timestamp="2019-06-17T14:59:58" hostname="alex-ponomarev-kubuntu" time="0.013">
  <properties/>
  <testcase name="contains" classname="TestLambdas" time="0.013"/>
  <testcase name="notContains" classname="TestLambdas" time="0.0"/>
  <system-out><![CDATA[]]></system-out>
  <system-err><![CDATA[]]></system-err>
</testsuite>
