<?xml version="1.0" encoding="UTF-8"?>
<testsuite name="TestForLoop" tests="2" skipped="0" failures="0" errors="0" timestamp="2019-06-17T19:34:27" hostname="alex-ponomarev-kubuntu" time="0.016">
  <properties/>
  <testcase name="testIterateOverDateRange" classname="TestForLoop" time="0.016"/>
  <testcase name="testIterateOverEmptyRange" classname="TestForLoop" time="0.0"/>
  <system-out><![CDATA[]]></system-out>
  <system-err><![CDATA[]]></system-err>
</testsuite>
