<?xml version="1.0" encoding="UTF-8"?>
<testsuite name="TestRangeTo" tests="1" skipped="0" failures="0" errors="0" timestamp="2019-06-17T16:14:12" hostname="alex-ponomarev-kubuntu" time="0.002">
  <properties/>
  <testcase name="testInRange" classname="TestRangeTo" time="0.002"/>
  <system-out><![CDATA[]]></system-out>
  <system-err><![CDATA[]]></system-err>
</testsuite>
