<?xml version="1.0" encoding="UTF-8"?>
<testsuite name="K_Compound_Tasks" tests="2" skipped="0" failures="0" errors="0" timestamp="2019-06-18T15:15:24" hostname="alex-ponomarev-kubuntu" time="0.022">
  <properties/>
  <testcase name="testNumberOfTimesEachProductWasOrdered" classname="K_Compound_Tasks" time="0.022"/>
  <testcase name="testMostExpensiveDeliveredProduct" classname="K_Compound_Tasks" time="0.0"/>
  <system-out><![CDATA[]]></system-out>
  <system-err><![CDATA[]]></system-err>
</testsuite>
